<?xml version="1.0" encoding="UTF-8"?>
<!-- Generated by org.testng.reporters.JUnitReportReporter -->
<testsuite hostname="Zars" failures="0" tests="1" name="saucedemoPage.SortByPrice" time="25.959" errors="0" timestamp="2021-11-05T23:35:14 CST" skipped="0">
  <testcase classname="saucedemoPage.SortByPrice" name="testNGAsserts" time="25.959"/>
  <system-out/>
</testsuite> <!-- saucedemoPage.SortByPrice -->
