<?xml version="1.0" encoding="UTF-8"?>
<!-- Generated by org.testng.reporters.JUnitReportReporter -->
<testsuite hostname="Zars" failures="0" tests="1" name="saucedemoPage.Login_Fail" time="23.179" errors="0" timestamp="2021-11-05T22:57:07 CST" skipped="0">
  <testcase classname="saucedemoPage.Login_Fail" name="testNGAsserts" time="23.179"/>
  <system-out/>
</testsuite> <!-- saucedemoPage.Login_Fail -->
