<?xml version="1.0" encoding="UTF-8"?>
<!-- Generated by org.testng.reporters.JUnitReportReporter -->
<testsuite hostname="Zars" failures="0" tests="1" name="saucedemoPage.Purchase_item" time="38.003" errors="0" timestamp="2021-11-06T00:28:01 CST" skipped="0">
  <testcase classname="saucedemoPage.Purchase_item" name="testNGAsserts" time="38.003"/>
  <system-out/>
</testsuite> <!-- saucedemoPage.Purchase_item -->
