<?xml version="1.0" encoding="UTF-8"?>
<!-- Generated by org.testng.reporters.JUnitReportReporter -->
<testsuite hostname="Zars" failures="0" tests="1" name="saucedemoPage.Logout" time="23.574" errors="0" timestamp="2022-07-12T16:17:24 CDT" skipped="0">
  <testcase classname="saucedemoPage.Logout" name="testNGAsserts" time="23.574"/>
  <system-out/>
</testsuite> <!-- saucedemoPage.Logout -->
