<?xml version="1.0" encoding="UTF-8"?>
<!-- Generated by org.testng.reporters.JUnitReportReporter -->
<testsuite hostname="Zars" failures="0" tests="1" name="saucedemoPage.AddItems" time="32.661" errors="0" timestamp="2021-11-06T00:09:08 CST" skipped="0">
  <testcase classname="saucedemoPage.AddItems" name="testNGAsserts" time="32.661"/>
  <system-out/>
</testsuite> <!-- saucedemoPage.AddItems -->
