<?xml version="1.0" encoding="UTF-8"?>
<!-- Generated by org.testng.reporters.JUnitReportReporter -->
<testsuite hostname="Zars" failures="0" tests="1" name="saucedemoPage.AddIem" time="27.532" errors="0" timestamp="2021-11-06T00:07:13 CST" skipped="0">
  <testcase classname="saucedemoPage.AddIem" name="testNGAsserts" time="27.532"/>
  <system-out/>
</testsuite> <!-- saucedemoPage.AddIem -->
