<?xml version="1.0" encoding="UTF-8"?>
<!-- Generated by org.testng.reporters.JUnitReportReporter -->
<testsuite hostname="Zars" failures="0" tests="1" name="saucedemoPage.Logout" time="26.128" errors="0" timestamp="2021-11-05T23:13:58 CST" skipped="0">
  <testcase classname="saucedemoPage.Logout" name="testNGAsserts" time="26.128"/>
  <system-out/>
</testsuite> <!-- saucedemoPage.Logout -->
