<?xml version="1.0" encoding="UTF-8"?>
<!-- Generated by org.testng.reporters.JUnitReportReporter -->
<testsuite hostname="Zars" failures="0" tests="1" name="saucedemoPage.AddItems" time="25.306" errors="0" timestamp="2021-11-05T23:39:22 CST" skipped="0">
  <testcase classname="saucedemoPage.AddItems" name="testNGAsserts" time="25.306"/>
  <system-out/>
</testsuite> <!-- saucedemoPage.AddItems -->
