<?xml version="1.0" encoding="UTF-8"?>
<!-- Generated by org.testng.reporters.JUnitReportReporter -->
<testsuite hostname="Zars" failures="0" tests="1" name="saucedemoPage.AddItems" time="28.133" errors="0" timestamp="2022-07-12T16:17:24 CDT" skipped="0">
  <testcase classname="saucedemoPage.AddItems" name="testNGAsserts" time="28.133"/>
  <system-out/>
</testsuite> <!-- saucedemoPage.AddItems -->
