<?xml version="1.0" encoding="UTF-8"?>
<!-- Generated by org.testng.reporters.JUnitReportReporter -->
<testsuite hostname="Zars" failures="0" tests="1" name="saucedemoPage.Login" time="23.838" errors="0" timestamp="2021-11-05T21:55:07 CST" skipped="0">
  <testcase classname="saucedemoPage.Login" name="testNGAsserts" time="23.838"/>
  <system-out/>
</testsuite> <!-- saucedemoPage.Login -->
